communal ARCC MESA version loaded
/cluster/medbow/home/cworsley/tspComparison/bankGen.js:25
    fs.writeFileSync(fname, JSON.stringify(mat));
                                 ^

RangeError: Invalid string length
    at JSON.stringify (<anonymous>)
    at Object.<anonymous> (/cluster/medbow/home/cworsley/tspComparison/bankGen.js:25:34)
    at Module._compile (node:internal/modules/cjs/loader:1730:14)
    at Object..js (node:internal/modules/cjs/loader:1895:10)
    at Module.load (node:internal/modules/cjs/loader:1465:32)
    at Function._load (node:internal/modules/cjs/loader:1282:12)
    at TracingChannel.traceSync (node:diagnostics_channel:322:14)
    at wrapModuleLoad (node:internal/modules/cjs/loader:235:24)
    at Function.executeUserEntryPoint [as runMain] (node:internal/modules/run_main:170:5)
    at node:internal/main/run_main_module:36:49

Node.js v22.15.0
Running Held-Karp experiment...
HK: n=2, time=0ms, length=32
HK: n=3, time=0ms, length=52
HK: n=4, time=0ms, length=144
HK: n=5, time=1ms, length=124
HK: n=6, time=1ms, length=81
HK: n=7, time=2ms, length=99
HK: n=8, time=2ms, length=96
HK: n=9, time=5ms, length=122
HK: n=10, time=13ms, length=113
HK: n=11, time=31ms, length=158
HK: n=12, time=81ms, length=94
HK: n=13, time=209ms, length=198
HK: n=14, time=506ms, length=115
HK: n=15, time=1246ms, length=141
HK: n=16, time=3044ms, length=135
HK: n=17, time=7423ms, length=178
HK: n=18, time=17781ms, length=154
HK: n=19, time=42356ms, length=144
HK: n=20, time=100516ms, length=134

Running Local Search experiment...
LS: n=2, time=0ms, length=32
LS: n=3, time=0ms, length=103
LS: n=4, time=0ms, length=149
LS: n=5, time=0ms, length=181
LS: n=6, time=0ms, length=97
LS: n=7, time=0ms, length=232
LS: n=8, time=0ms, length=184
LS: n=9, time=0ms, length=243
LS: n=10, time=0ms, length=214
LS: n=11, time=0ms, length=204
LS: n=12, time=0ms, length=188
LS: n=13, time=0ms, length=412
LS: n=14, time=1ms, length=268
LS: n=15, time=0ms, length=402
LS: n=16, time=0ms, length=355
LS: n=17, time=0ms, length=463
LS: n=18, time=0ms, length=438
LS: n=19, time=0ms, length=586
LS: n=20, time=0ms, length=634
LS: n=21, time=0ms, length=510
LS: n=22, time=0ms, length=647
LS: n=23, time=2ms, length=594
LS: n=24, time=0ms, length=421
LS: n=25, time=0ms, length=704
LS: n=26, time=0ms, length=625
LS: n=27, time=1ms, length=557
LS: n=28, time=0ms, length=870
LS: n=29, time=1ms, length=812
LS: n=30, time=0ms, length=936
LS: n=31, time=0ms, length=1025
LS: n=32, time=1ms, length=879
LS: n=33, time=0ms, length=827
LS: n=34, time=0ms, length=717
LS: n=35, time=0ms, length=1073
LS: n=36, time=1ms, length=838
LS: n=37, time=0ms, length=833
LS: n=38, time=0ms, length=1072
LS: n=39, time=0ms, length=998
LS: n=40, time=0ms, length=933
LS: n=41, time=0ms, length=974
LS: n=42, time=0ms, length=1086
LS: n=43, time=0ms, length=1444
LS: n=44, time=0ms, length=1124
LS: n=45, time=2ms, length=1252
LS: n=46, time=0ms, length=937
LS: n=47, time=1ms, length=1132
LS: n=48, time=0ms, length=1411
LS: n=49, time=0ms, length=1399
LS: n=50, time=1ms, length=1194
LS: n=53, time=1ms, length=1395
LS: n=56, time=1ms, length=1402
LS: n=59, time=1ms, length=1378
LS: n=62, time=1ms, length=1611
LS: n=65, time=0ms, length=1496
LS: n=68, time=1ms, length=1668
LS: n=71, time=2ms, length=2048
LS: n=74, time=0ms, length=2128
LS: n=77, time=1ms, length=1742
LS: n=80, time=2ms, length=2193
LS: n=83, time=1ms, length=2243
LS: n=86, time=3ms, length=2545
LS: n=89, time=3ms, length=2509
LS: n=92, time=3ms, length=2447
LS: n=95, time=3ms, length=2837
LS: n=98, time=2ms, length=2663
LS: n=101, time=4ms, length=2634
LS: n=106, time=2ms, length=2971
LS: n=111, time=6ms, length=2942
LS: n=116, time=4ms, length=2988
LS: n=121, time=6ms, length=3375
LS: n=126, time=4ms, length=3364
LS: n=131, time=8ms, length=3704
LS: n=136, time=9ms, length=3500
LS: n=141, time=8ms, length=3580
LS: n=146, time=5ms, length=4285
LS: n=151, time=9ms, length=4084
LS: n=156, time=10ms, length=3936
LS: n=161, time=13ms, length=3776
LS: n=166, time=10ms, length=4520
LS: n=171, time=12ms, length=4789
LS: n=176, time=15ms, length=4427
LS: n=181, time=9ms, length=5353
LS: n=186, time=15ms, length=4988
LS: n=191, time=13ms, length=4922
LS: n=196, time=20ms, length=5226
LS: n=201, time=21ms, length=5156
LS: n=206, time=21ms, length=5740
LS: n=211, time=22ms, length=5733
LS: n=216, time=24ms, length=6127
LS: n=221, time=24ms, length=5685
LS: n=226, time=23ms, length=6411
LS: n=231, time=18ms, length=6480
LS: n=236, time=28ms, length=6986
LS: n=241, time=29ms, length=6664
LS: n=246, time=30ms, length=6859
LS: n=251, time=31ms, length=6915
LS: n=256, time=25ms, length=7302
LS: n=261, time=24ms, length=8098
LS: n=266, time=36ms, length=7934
LS: n=271, time=36ms, length=7398
LS: n=276, time=39ms, length=7361
LS: n=281, time=41ms, length=7623
LS: n=286, time=41ms, length=7690
LS: n=291, time=42ms, length=7880
LS: n=296, time=45ms, length=8793
LS: n=301, time=45ms, length=8649
LS: n=306, time=47ms, length=8503
LS: n=311, time=50ms, length=8737
LS: n=316, time=50ms, length=8835
LS: n=321, time=52ms, length=9690
LS: n=326, time=53ms, length=9566
LS: n=331, time=55ms, length=9765
LS: n=336, time=56ms, length=9857
LS: n=341, time=58ms, length=9461
LS: n=346, time=60ms, length=10330
LS: n=351, time=62ms, length=10759
LS: n=356, time=65ms, length=10068
LS: n=361, time=66ms, length=10641
LS: n=366, time=68ms, length=10693
LS: n=371, time=69ms, length=10355
LS: n=376, time=72ms, length=10523
LS: n=381, time=72ms, length=11326
LS: n=386, time=74ms, length=11273
LS: n=391, time=78ms, length=11263
LS: n=396, time=80ms, length=12033
LS: n=401, time=81ms, length=11849
LS: n=406, time=82ms, length=12477
LS: n=411, time=86ms, length=11501
LS: n=416, time=88ms, length=11593
LS: n=421, time=89ms, length=12743
LS: n=426, time=92ms, length=12777
LS: n=431, time=93ms, length=12939
LS: n=436, time=95ms, length=11862
LS: n=441, time=97ms, length=13330
LS: n=446, time=101ms, length=12695
LS: n=451, time=103ms, length=13661
LS: n=456, time=105ms, length=13962
LS: n=461, time=107ms, length=13996
LS: n=466, time=110ms, length=14784
LS: n=471, time=112ms, length=14733
LS: n=476, time=113ms, length=14372
LS: n=481, time=119ms, length=14534
LS: n=486, time=120ms, length=15249
LS: n=491, time=122ms, length=16006
LS: n=496, time=124ms, length=15462
LS: n=501, time=127ms, length=15871
LS: n=511, time=130ms, length=16524
LS: n=521, time=137ms, length=15831
LS: n=531, time=142ms, length=16428
LS: n=541, time=146ms, length=16071
LS: n=551, time=152ms, length=16673
LS: n=561, time=158ms, length=17509
LS: n=571, time=164ms, length=17806
LS: n=581, time=169ms, length=16723
LS: n=591, time=176ms, length=17386
LS: n=601, time=183ms, length=19081
LS: n=611, time=188ms, length=19238
LS: n=621, time=194ms, length=19794
LS: n=631, time=201ms, length=19794
LS: n=641, time=210ms, length=19382
LS: n=651, time=212ms, length=20463
LS: n=661, time=222ms, length=21529
LS: n=671, time=227ms, length=21645
LS: n=681, time=232ms, length=22468
LS: n=691, time=245ms, length=21598
LS: n=701, time=248ms, length=21856
LS: n=711, time=253ms, length=23284
LS: n=721, time=260ms, length=22571
LS: n=731, time=272ms, length=22725
LS: n=741, time=276ms, length=22904
LS: n=751, time=287ms, length=24563
LS: n=761, time=294ms, length=24500
LS: n=771, time=302ms, length=24679
LS: n=781, time=314ms, length=24874
LS: n=791, time=322ms, length=25125
LS: n=801, time=331ms, length=27084
LS: n=811, time=339ms, length=26207
LS: n=821, time=349ms, length=27037
LS: n=831, time=344ms, length=27144
LS: n=841, time=332ms, length=25988
LS: n=851, time=338ms, length=27097
LS: n=861, time=351ms, length=28412
LS: n=871, time=351ms, length=28786
LS: n=881, time=362ms, length=28198
LS: n=891, time=370ms, length=30042
LS: n=901, time=378ms, length=28907
LS: n=911, time=385ms, length=29540
LS: n=921, time=395ms, length=30824
LS: n=931, time=415ms, length=30191
LS: n=941, time=419ms, length=30998
LS: n=951, time=420ms, length=31162
LS: n=961, time=430ms, length=32330
LS: n=971, time=438ms, length=32525
LS: n=981, time=449ms, length=32387
LS: n=991, time=464ms, length=33028
LS: n=1001, time=483ms, length=32585
LS: n=1026, time=492ms, length=34681
LS: n=1051, time=511ms, length=34557
LS: n=1076, time=535ms, length=36020
LS: n=1101, time=584ms, length=34636
LS: n=1126, time=592ms, length=37064
LS: n=1151, time=611ms, length=39169
LS: n=1176, time=656ms, length=39746
LS: n=1201, time=674ms, length=40306
LS: n=1226, time=712ms, length=42024
LS: n=1251, time=734ms, length=44170
LS: n=1276, time=759ms, length=44411
LS: n=1301, time=800ms, length=44936
LS: n=1326, time=824ms, length=45914
LS: n=1351, time=872ms, length=45267
LS: n=1376, time=909ms, length=47482
LS: n=1401, time=928ms, length=49043
LS: n=1426, time=994ms, length=48992
LS: n=1451, time=1021ms, length=49466
LS: n=1476, time=1052ms, length=51122
LS: n=1501, time=1113ms, length=52083
LS: n=1526, time=1131ms, length=51632
LS: n=1551, time=1143ms, length=54178
LS: n=1576, time=1223ms, length=53560
LS: n=1601, time=1290ms, length=54359
LS: n=1626, time=1260ms, length=57054
LS: n=1651, time=1354ms, length=57703
LS: n=1676, time=1435ms, length=59002
LS: n=1701, time=1431ms, length=58933
LS: n=1726, time=1472ms, length=62078
LS: n=1751, time=1602ms, length=60697
LS: n=1776, time=1531ms, length=62246
LS: n=1801, time=1636ms, length=65284
LS: n=1826, time=1781ms, length=63393
LS: n=1851, time=1680ms, length=66560
LS: n=1876, time=1775ms, length=66394
LS: n=1901, time=1884ms, length=65861
LS: n=1926, time=1844ms, length=69706
LS: n=1951, time=1969ms, length=68257
LS: n=1976, time=2187ms, length=72722
LS: n=2001, time=1973ms, length=72649
LS: n=2026, time=2175ms, length=73137
LS: n=2051, time=2197ms, length=73947
LS: n=2076, time=2245ms, length=75402
LS: n=2101, time=2268ms, length=76509
LS: n=2126, time=2469ms, length=77229
LS: n=2151, time=2412ms, length=78112
LS: n=2176, time=2458ms, length=79676
LS: n=2201, time=2568ms, length=81069
LS: n=2226, time=2584ms, length=81253
LS: n=2251, time=2735ms, length=80849
LS: n=2276, time=2681ms, length=81653
LS: n=2301, time=2895ms, length=83169
LS: n=2326, time=2849ms, length=83938
LS: n=2351, time=3018ms, length=85244
LS: n=2376, time=2993ms, length=87606
LS: n=2401, time=3130ms, length=86606
LS: n=2426, time=3176ms, length=90482
LS: n=2451, time=3266ms, length=89856
LS: n=2476, time=3292ms, length=92011
LS: n=2501, time=3520ms, length=91408
LS: n=2526, time=3535ms, length=91926
LS: n=2551, time=3698ms, length=93492
LS: n=2576, time=3659ms, length=93805
LS: n=2601, time=3757ms, length=97022
LS: n=2626, time=3929ms, length=95822
LS: n=2651, time=3969ms, length=96421
LS: n=2676, time=4065ms, length=97768
LS: n=2701, time=4179ms, length=98306
LS: n=2726, time=4474ms, length=99911
LS: n=2751, time=4420ms, length=100177
LS: n=2776, time=4457ms, length=103111
LS: n=2801, time=4661ms, length=106136
LS: n=2826, time=4539ms, length=106112
LS: n=2851, time=4988ms, length=106016
LS: n=2876, time=4984ms, length=103511
LS: n=2901, time=5098ms, length=107984
LS: n=2926, time=5478ms, length=109001
LS: n=2951, time=5258ms, length=110673
LS: n=2976, time=5557ms, length=109662
LS: n=3001, time=5572ms, length=113994
LS: n=3051, time=5882ms, length=113874
LS: n=3101, time=6027ms, length=116624
LS: n=3151, time=6370ms, length=118873
LS: n=3201, time=6486ms, length=121095
LS: n=3251, time=6610ms, length=122090
LS: n=3301, time=7255ms, length=125603
LS: n=3351, time=7444ms, length=126130
LS: n=3401, time=7708ms, length=125737
LS: n=3451, time=8017ms, length=129369
LS: n=3501, time=8344ms, length=134562
LS: n=3551, time=8504ms, length=134305
LS: n=3601, time=8989ms, length=134035
LS: n=3651, time=9022ms, length=140196
LS: n=3701, time=9586ms, length=141988
LS: n=3751, time=9361ms, length=141625
LS: n=3801, time=10357ms, length=147061
LS: n=3851, time=10361ms, length=148019
LS: n=3901, time=10992ms, length=147983
LS: n=3951, time=11313ms, length=151262
LS: n=4001, time=11856ms, length=153867
LS: n=4051, time=11751ms, length=157189
LS: n=4101, time=12725ms, length=159168
LS: n=4151, time=12938ms, length=160913
LS: n=4201, time=13743ms, length=161052
LS: n=4251, time=13304ms, length=163899
LS: n=4301, time=14591ms, length=165542
LS: n=4351, time=14076ms, length=169382
LS: n=4401, time=15292ms, length=168638
LS: n=4451, time=14509ms, length=173851
LS: n=4501, time=16111ms, length=175098
LS: n=4551, time=16055ms, length=175958
LS: n=4601, time=17559ms, length=176580
LS: n=4651, time=17069ms, length=182906
LS: n=4701, time=18795ms, length=180675
LS: n=4751, time=18310ms, length=186868
LS: n=4801, time=19997ms, length=188790
LS: n=4851, time=19743ms, length=188724
LS: n=4901, time=20310ms, length=189036
LS: n=4951, time=20633ms, length=194109
LS: n=5001, time=21734ms, length=195885
LS: n=5051, time=21652ms, length=197115
LS: n=5101, time=22437ms, length=201433
LS: n=5151, time=22623ms, length=199047
LS: n=5201, time=23450ms, length=201876
LS: n=5251, time=23758ms, length=206646
LS: n=5301, time=24599ms, length=212151
LS: n=5351, time=25960ms, length=211304
LS: n=5401, time=26903ms, length=212620
LS: n=5451, time=26582ms, length=218029
LS: n=5501, time=28085ms, length=216859
LS: n=5551, time=27991ms, length=221402
LS: n=5601, time=29496ms, length=223285
LS: n=5651, time=29590ms, length=226243
LS: n=5701, time=30751ms, length=226116
LS: n=5751, time=31274ms, length=227725
LS: n=5801, time=31762ms, length=230000
LS: n=5851, time=32203ms, length=229614
LS: n=5901, time=33207ms, length=234074
LS: n=5951, time=33822ms, length=237475
LS: n=6001, time=34612ms, length=236727
LS: n=6101, time=35407ms, length=243890
LS: n=6201, time=37135ms, length=248513
LS: n=6301, time=38920ms, length=252200
LS: n=6401, time=40328ms, length=254287
LS: n=6501, time=44287ms, length=257421
LS: n=6601, time=44723ms, length=266368
LS: n=6701, time=45885ms, length=267492
LS: n=6801, time=48487ms, length=271586
LS: n=6901, time=49658ms, length=276736
LS: n=7001, time=52239ms, length=281164
LS: n=7101, time=53459ms, length=287247
LS: n=7201, time=55429ms, length=291997
LS: n=7301, time=57915ms, length=296362
LS: n=7401, time=60332ms, length=300621
LS: n=7501, time=62113ms, length=302331
LS: n=7601, time=64856ms, length=306399
LS: n=7701, time=66134ms, length=309492
LS: n=7801, time=68127ms, length=319111
LS: n=7901, time=71601ms, length=319643
LS: n=8001, time=74957ms, length=324919
LS: n=8101, time=80879ms, length=325809
LS: n=8201, time=78180ms, length=333110
LS: n=8301, time=82420ms, length=336644
LS: n=8401, time=83124ms, length=338561
LS: n=8501, time=87147ms, length=345151
LS: n=8601, time=88544ms, length=350138
LS: n=8701, time=91101ms, length=359271
LS: n=8801, time=92695ms, length=356861
LS: n=8901, time=95986ms, length=364321
LS: n=9001, time=98297ms, length=369084
LS: n=9101, time=100637ms, length=373689
LS: n=9201, time=103131ms, length=379151
LS: n=9301, time=106172ms, length=380166
LS: n=9401, time=108438ms, length=383355
LS: n=9501, time=111086ms, length=388526
LS: n=9601, time=113486ms, length=396237
LS: n=9701, time=118584ms, length=400452
LS: n=9801, time=119585ms, length=399933
LS: n=9901, time=121777ms, length=407938
LS: n=10001, time=124297ms, length=413014
LS: n=10101, time=132034ms, length=416801
LS: n=10201, time=131548ms, length=422335
LS: n=10301, time=136891ms, length=424301
LS: n=10401, time=137876ms, length=428515
LS: n=10501, time=144544ms, length=436361
LS: n=10601, time=145408ms, length=438408
LS: n=10701, time=160615ms, length=442526
LS: n=10801, time=172770ms, length=443505
LS: n=10901, time=169137ms, length=450386
LS: n=11001, time=187072ms, length=459520
LS: n=11101, time=190691ms, length=463673
LS: n=11201, time=195091ms, length=469898
LS: n=11301, time=202429ms, length=470607
LS: n=11401, time=209144ms, length=471575
LS: n=11501, time=215222ms, length=474729
LS: n=11601, time=221862ms, length=487133
